<?xml version="1.0" encoding="UTF-8"?>
<!-- Generated by org.testng.reporters.JUnitXMLReporter -->
<testsuite ignored="1" hostname="DESKTOP-5OB5LTC" failures="1" tests="1" name="Default test(failed)" time="8.107" errors="0" timestamp="2026-05-19T15:50:05 IST">
  <testcase classname="com.comcast.crm.contacttest.InvoiceTest" name="createinvoiceTest" time="0.107">
    <failure type="java.lang.AssertionError" message="expected [login] but found [Admin12345@ Administrator1 - Home - vtiger CRM 5 - Commercial Open Source CRM]">
      <![CDATA[java.lang.AssertionError: expected [login] but found [Admin12345@ Administrator1 - Home - vtiger CRM 5 - Commercial Open Source CRM]
at com.comcast.crm.contacttest.InvoiceTest.createinvoiceTest(InvoiceTest.java:13)
at java.base/java.util.ArrayList.forEach(ArrayList.java:1596)
... Removed 31 stack frames]]>
    </failure>
  </testcase> <!-- createinvoiceTest -->
  <testcase classname="com.comcast.crm.contacttest.InvoiceTest" name="createinvoicewithcontactTest" time="0.0">
    <ignored/>
  </testcase> <!-- createinvoicewithcontactTest -->
</testsuite> <!-- Default test(failed) -->
