<?xml version="1.0" encoding="UTF-8"?>
<!-- Generated by org.testng.reporters.JUnitReportReporter -->
<testsuite hostname="DESKTOP-5OB5LTC" failures="0" tests="2" name="com.comcast.crm.contacttest.Sample" time="0.028" errors="0" timestamp="2026-05-12T14:39:12 IST" skipped="0">
  <testcase classname="com.comcast.crm.contacttest.Sample" name="display1" time="0.021"/>
  <testcase classname="com.comcast.crm.contacttest.Sample" name="display2" time="0.007"/>
</testsuite> <!-- com.comcast.crm.contacttest.Sample -->
