<?xml version="1.0" encoding="UTF-8"?>
<!-- Generated by org.testng.reporters.JUnitReportReporter -->
<testsuite hostname="DESKTOP-5OB5LTC" failures="0" tests="1" name="testCaseExecutionUsing_POM_classes.CreateOrganizationTest" time="13.074" errors="0" timestamp="2026-06-04T11:31:00 IST" skipped="0">
  <testcase classname="testCaseExecutionUsing_POM_classes.CreateOrganizationTest" name="createorg" time="13.074"/>
</testsuite> <!-- testCaseExecutionUsing_POM_classes.CreateOrganizationTest -->
