<?xml version="1.0" encoding="UTF-8"?>
<!-- Generated by org.testng.reporters.JUnitReportReporter -->
<testsuite hostname="DESKTOP-5OB5LTC" failures="0" tests="1" name="testCaseExecutionUsing_POM_classes.CreateOrganizationTest" time="11.484" errors="0" timestamp="2026-06-09T15:56:31 IST" skipped="0">
  <testcase classname="testCaseExecutionUsing_POM_classes.CreateOrganizationTest" name="createorg" time="11.484"/>
</testsuite> <!-- testCaseExecutionUsing_POM_classes.CreateOrganizationTest -->
