<?xml version="1.0" encoding="UTF-8"?>
<!-- Generated by org.testng.reporters.JUnitReportReporter -->
<testsuite hostname="DESKTOP-5OB5LTC" failures="0" tests="2" name="com.comcast.crm.contacttest.Sample2" time="0.008" errors="0" timestamp="2026-05-12T14:39:12 IST" skipped="0">
  <testcase classname="com.comcast.crm.contacttest.Sample2" name="display1" time="0.005"/>
  <testcase classname="com.comcast.crm.contacttest.Sample2" name="display2" time="0.003"/>
</testsuite> <!-- com.comcast.crm.contacttest.Sample2 -->
