<?xml version="1.0" encoding="UTF-8"?>
<testng-results ignored="2" total="3" passed="1" failed="0" skipped="0">
  <reporter-output>
  </reporter-output>
  <suite started-at="2026-06-09T15:56:10 IST" name="Default suite" finished-at="2026-06-09T15:56:31 IST" duration-ms="21561">
    <groups>
      <group name="smokeTest">
        <method signature="CreateOrganizationTest.createorg()[pri:0, instance:testCaseExecutionUsing_POM_classes.CreateOrganizationTest@55fe41ea]" name="createorg" class="testCaseExecutionUsing_POM_classes.CreateOrganizationTest"/>
      </group> <!-- smokeTest -->
    </groups>
    <test started-at="2026-06-09T15:56:10 IST" name="Default test" finished-at="2026-06-09T15:56:31 IST" duration-ms="21561">
      <class name="testCaseExecutionUsing_POM_classes.CreateOrganizationTest">
        <test-method is-config="true" signature="configBs()[pri:0, instance:testCaseExecutionUsing_POM_classes.CreateOrganizationTest@55fe41ea]" started-at="2026-06-09T15:55:27 IST" name="configBs" finished-at="2026-06-09T15:56:10 IST" duration-ms="42459" status="PASS">
          <reporter-output>
          </reporter-output>
        </test-method> <!-- configBs -->
        <test-method is-config="true" signature="configbc(java.lang.String)[pri:0, instance:testCaseExecutionUsing_POM_classes.CreateOrganizationTest@55fe41ea]" started-at="2026-06-09T15:56:10 IST" name="configbc" finished-at="2026-06-09T15:56:19 IST" duration-ms="9676" status="PASS">
          <params>
            <param index="0">
              <value>
                <![CDATA[chrome]]>
              </value>
            </param>
          </params>
          <reporter-output>
          </reporter-output>
        </test-method> <!-- configbc -->
        <test-method is-config="true" signature="configBM()[pri:0, instance:testCaseExecutionUsing_POM_classes.CreateOrganizationTest@55fe41ea]" started-at="2026-06-09T15:56:19 IST" name="configBM" finished-at="2026-06-09T15:56:23 IST" duration-ms="3853" status="PASS">
          <reporter-output>
          </reporter-output>
        </test-method> <!-- configBM -->
        <test-method signature="createorg()[pri:0, instance:testCaseExecutionUsing_POM_classes.CreateOrganizationTest@55fe41ea]" started-at="2026-06-09T15:56:23 IST" name="createorg" finished-at="2026-06-09T15:56:30 IST" duration-ms="6689" status="PASS">
          <reporter-output>
          </reporter-output>
        </test-method> <!-- createorg -->
        <test-method is-config="true" signature="configam()[pri:0, instance:testCaseExecutionUsing_POM_classes.CreateOrganizationTest@55fe41ea]" started-at="2026-06-09T15:56:30 IST" name="configam" finished-at="2026-06-09T15:56:31 IST" duration-ms="942" status="PASS">
          <reporter-output>
          </reporter-output>
        </test-method> <!-- configam -->
        <test-method is-config="true" signature="configac()[pri:0, instance:testCaseExecutionUsing_POM_classes.CreateOrganizationTest@55fe41ea]" started-at="2026-06-09T15:56:31 IST" name="configac" finished-at="2026-06-09T15:56:31 IST" duration-ms="310" status="PASS">
          <reporter-output>
          </reporter-output>
        </test-method> <!-- configac -->
        <test-method is-config="true" signature="configAS()[pri:0, instance:testCaseExecutionUsing_POM_classes.CreateOrganizationTest@55fe41ea]" started-at="2026-06-09T15:56:31 IST" name="configAS" finished-at="2026-06-09T15:56:31 IST" duration-ms="2" status="PASS">
          <reporter-output>
          </reporter-output>
        </test-method> <!-- configAS -->
      </class> <!-- testCaseExecutionUsing_POM_classes.CreateOrganizationTest -->
    </test> <!-- Default test -->
  </suite> <!-- Default suite -->
</testng-results>
