<?xml version="1.0" encoding="UTF-8"?>
<testng-results ignored="4" total="6" passed="2" failed="0" skipped="0">
  <reporter-output>
  </reporter-output>
  <suite started-at="2026-06-04T11:30:27 IST" name="Suite" finished-at="2026-06-04T11:31:00 IST" duration-ms="32437">
    <groups>
      <group name="smokeTest">
        <method signature="CreateOrganizationTest.createorg()[pri:0, instance:testCaseExecutionUsing_POM_classes.CreateOrganizationTest@4c178a76]" name="createorg" class="testCaseExecutionUsing_POM_classes.CreateOrganizationTest"/>
        <method signature="CreatecontactTest.createcontacttest()[pri:0, instance:testCaseExecutionUsing_POM_classes.CreatecontactTest@6ad82709]" name="createcontacttest" class="testCaseExecutionUsing_POM_classes.CreatecontactTest"/>
      </group> <!-- smokeTest -->
    </groups>
    <test started-at="2026-06-04T11:30:27 IST" name="Test" finished-at="2026-06-04T11:31:00 IST" duration-ms="32437">
      <class name="testCaseExecutionUsing_POM_classes.CreatecontactTest">
        <test-method is-config="true" signature="configBs()[pri:0, instance:testCaseExecutionUsing_POM_classes.CreatecontactTest@6ad82709]" started-at="2026-06-04T11:29:45 IST" name="configBs" finished-at="2026-06-04T11:30:27 IST" duration-ms="42382" status="PASS">
          <reporter-output>
          </reporter-output>
        </test-method> <!-- configBs -->
        <test-method is-config="true" signature="configbc(java.lang.String)[pri:0, instance:testCaseExecutionUsing_POM_classes.CreatecontactTest@6ad82709]" started-at="2026-06-04T11:30:27 IST" name="configbc" finished-at="2026-06-04T11:30:29 IST" duration-ms="1891" status="PASS">
          <params>
            <param index="0">
              <value>
                <![CDATA[chrome]]>
              </value>
            </param>
          </params>
          <reporter-output>
          </reporter-output>
        </test-method> <!-- configbc -->
        <test-method is-config="true" signature="configBM()[pri:0, instance:testCaseExecutionUsing_POM_classes.CreatecontactTest@6ad82709]" started-at="2026-06-04T11:30:29 IST" name="configBM" finished-at="2026-06-04T11:30:37 IST" duration-ms="7456" status="PASS">
          <reporter-output>
          </reporter-output>
        </test-method> <!-- configBM -->
        <test-method signature="createcontacttest()[pri:0, instance:testCaseExecutionUsing_POM_classes.CreatecontactTest@6ad82709]" started-at="2026-06-04T11:30:37 IST" name="createcontacttest" finished-at="2026-06-04T11:30:44 IST" duration-ms="7048" status="PASS">
          <reporter-output>
          </reporter-output>
        </test-method> <!-- createcontacttest -->
        <test-method is-config="true" signature="configam()[pri:0, instance:testCaseExecutionUsing_POM_classes.CreatecontactTest@6ad82709]" started-at="2026-06-04T11:30:44 IST" name="configam" finished-at="2026-06-04T11:30:45 IST" duration-ms="1005" status="PASS">
          <reporter-output>
          </reporter-output>
        </test-method> <!-- configam -->
        <test-method is-config="true" signature="configac()[pri:0, instance:testCaseExecutionUsing_POM_classes.CreatecontactTest@6ad82709]" started-at="2026-06-04T11:30:45 IST" name="configac" finished-at="2026-06-04T11:30:45 IST" duration-ms="448" status="PASS">
          <reporter-output>
          </reporter-output>
        </test-method> <!-- configac -->
        <test-method is-config="true" signature="configAS()[pri:0, instance:testCaseExecutionUsing_POM_classes.CreatecontactTest@6ad82709]" started-at="2026-06-04T11:31:00 IST" name="configAS" finished-at="2026-06-04T11:31:00 IST" duration-ms="1" status="PASS">
          <reporter-output>
          </reporter-output>
        </test-method> <!-- configAS -->
      </class> <!-- testCaseExecutionUsing_POM_classes.CreatecontactTest -->
      <class name="testCaseExecutionUsing_POM_classes.CreateOrganizationTest">
        <test-method is-config="true" signature="configbc(java.lang.String)[pri:0, instance:testCaseExecutionUsing_POM_classes.CreateOrganizationTest@4c178a76]" started-at="2026-06-04T11:30:45 IST" name="configbc" finished-at="2026-06-04T11:30:46 IST" duration-ms="959" status="PASS">
          <params>
            <param index="0">
              <value>
                <![CDATA[chrome]]>
              </value>
            </param>
          </params>
          <reporter-output>
          </reporter-output>
        </test-method> <!-- configbc -->
        <test-method is-config="true" signature="configBM()[pri:0, instance:testCaseExecutionUsing_POM_classes.CreateOrganizationTest@4c178a76]" started-at="2026-06-04T11:30:46 IST" name="configBM" finished-at="2026-06-04T11:30:51 IST" duration-ms="4260" status="PASS">
          <reporter-output>
          </reporter-output>
        </test-method> <!-- configBM -->
        <test-method signature="createorg()[pri:0, instance:testCaseExecutionUsing_POM_classes.CreateOrganizationTest@4c178a76]" started-at="2026-06-04T11:30:51 IST" name="createorg" finished-at="2026-06-04T11:30:58 IST" duration-ms="7792" status="PASS">
          <reporter-output>
          </reporter-output>
        </test-method> <!-- createorg -->
        <test-method is-config="true" signature="configam()[pri:0, instance:testCaseExecutionUsing_POM_classes.CreateOrganizationTest@4c178a76]" started-at="2026-06-04T11:30:58 IST" name="configam" finished-at="2026-06-04T11:30:59 IST" duration-ms="1022" status="PASS">
          <reporter-output>
          </reporter-output>
        </test-method> <!-- configam -->
        <test-method is-config="true" signature="configac()[pri:0, instance:testCaseExecutionUsing_POM_classes.CreateOrganizationTest@4c178a76]" started-at="2026-06-04T11:30:59 IST" name="configac" finished-at="2026-06-04T11:31:00 IST" duration-ms="433" status="PASS">
          <reporter-output>
          </reporter-output>
        </test-method> <!-- configac -->
      </class> <!-- testCaseExecutionUsing_POM_classes.CreateOrganizationTest -->
    </test> <!-- Test -->
  </suite> <!-- Suite -->
</testng-results>
