<?xml version="1.0" encoding="UTF-8"?>
<!-- Generated by org.testng.reporters.JUnitXMLReporter -->
<testsuite ignored="0" hostname="DESKTOP-5OB5LTC" failures="0" tests="3" name="Test-1" time="48.913" errors="0" timestamp="2026-05-15T17:28:03 IST">
  <testcase classname="testCaseExecutionUsing_POM_classes.CreateOrganizationTest" name="createorg" time="10.715"/>
  <testcase classname="testCaseExecutionUsing_POM_classes.CreateOrganizationTest" name="createorgeithphonenumber" time="6.207"/>
  <testcase classname="testCaseExecutionUsing_POM_classes.CreateOrganizationTest" name="createorgwithType" time="9.148"/>
</testsuite> <!-- Test-1 -->
