<?xml version="1.0" encoding="UTF-8"?>
<!-- Generated by org.testng.reporters.JUnitXMLReporter -->
<testsuite ignored="0" hostname="DESKTOP-5OB5LTC" failures="0" tests="3" name="Test-2" time="59.597" errors="0" timestamp="2026-05-15T17:28:13 IST">
  <testcase classname="testCaseExecutionUsing_POM_classes.CreatecontactTest" name="createcontacttest" time="10.469"/>
  <testcase classname="testCaseExecutionUsing_POM_classes.CreatecontactTest" name="createcontactwithorg" time="16.272"/>
  <testcase classname="testCaseExecutionUsing_POM_classes.CreatecontactTest" name="createcontactwithsupportdate" time="9.53"/>
</testsuite> <!-- Test-2 -->
