<?xml version="1.0" encoding="UTF-8"?>
<!-- Generated by org.testng.reporters.JUnitXMLReporter -->
<testsuite ignored="0" hostname="DESKTOP-5OB5LTC" failures="0" tests="3" name="Testrunner-fireforx" time="43.602" errors="0" timestamp="2026-05-15T17:50:25 IST">
  <testcase classname="testCaseExecutionUsing_POM_classes.CreateOrganizationTest" name="createorg" time="9.385"/>
  <testcase classname="testCaseExecutionUsing_POM_classes.CreateOrganizationTest" name="createorgeithphonenumber" time="5.206"/>
  <testcase classname="testCaseExecutionUsing_POM_classes.CreateOrganizationTest" name="createorgwithType" time="8.473"/>
</testsuite> <!-- Testrunner-fireforx -->
