<?xml version="1.0" encoding="UTF-8"?>
<!-- Generated by org.testng.reporters.JUnitXMLReporter -->
<testsuite ignored="6" hostname="DESKTOP-5OB5LTC" failures="0" tests="2" name="Test" time="32.437" errors="0" timestamp="2026-06-04T11:31:00 IST">
  <testcase classname="testCaseExecutionUsing_POM_classes.CreatecontactTest" name="createcontacttest" time="7.048"/>
  <testcase classname="testCaseExecutionUsing_POM_classes.CreateOrganizationTest" name="createorg" time="7.792"/>
  <testcase classname="genericbaseutility.Baseutility" name="@AfterSuite configAS" time="0.0">
    <ignored/>
  </testcase> <!-- @AfterSuite configAS -->
  <testcase classname="testCaseExecutionUsing_POM_classes.CreatecontactTest" name="createcontactwithorg" time="0.0">
    <ignored/>
  </testcase> <!-- createcontactwithorg -->
  <testcase classname="testCaseExecutionUsing_POM_classes.CreatecontactTest" name="createcontactwithsupportdate" time="0.0">
    <ignored/>
  </testcase> <!-- createcontactwithsupportdate -->
  <testcase classname="testCaseExecutionUsing_POM_classes.CreateOrganizationTest" name="createorgeithphonenumber" time="0.0">
    <ignored/>
  </testcase> <!-- createorgeithphonenumber -->
  <testcase classname="genericbaseutility.Baseutility" name="@BeforeSuite configBs" time="0.0">
    <ignored/>
  </testcase> <!-- @BeforeSuite configBs -->
  <testcase classname="testCaseExecutionUsing_POM_classes.CreateOrganizationTest" name="createorgwithType" time="0.0">
    <ignored/>
  </testcase> <!-- createorgwithType -->
</testsuite> <!-- Test -->
