<?xml version="1.0" encoding="UTF-8"?>
<!-- Generated by org.testng.reporters.JUnitXMLReporter -->
<testsuite ignored="0" hostname="DESKTOP-5OB5LTC" failures="0" tests="3" name="Testrunner-chrome" time="54.859" errors="0" timestamp="2026-05-15T17:50:36 IST">
  <testcase classname="testCaseExecutionUsing_POM_classes.CreatecontactTest" name="createcontacttest" time="8.36"/>
  <testcase classname="testCaseExecutionUsing_POM_classes.CreatecontactTest" name="createcontactwithorg" time="17.027"/>
  <testcase classname="testCaseExecutionUsing_POM_classes.CreatecontactTest" name="createcontactwithsupportdate" time="8.664"/>
</testsuite> <!-- Testrunner-chrome -->
