<?xml version="1.0" encoding="UTF-8"?>
<!-- Generated by org.testng.reporters.JUnitXMLReporter -->
<testsuite ignored="2" hostname="DESKTOP-5OB5LTC" failures="0" tests="1" name="Default test" time="21.561" errors="0" timestamp="2026-06-09T15:56:31 IST">
  <testcase classname="testCaseExecutionUsing_POM_classes.CreateOrganizationTest" name="createorg" time="6.689"/>
  <testcase classname="testCaseExecutionUsing_POM_classes.CreateOrganizationTest" name="createorgwithType" time="0.0">
    <ignored/>
  </testcase> <!-- createorgwithType -->
  <testcase classname="testCaseExecutionUsing_POM_classes.CreateOrganizationTest" name="createorgeithphonenumber" time="0.0">
    <ignored/>
  </testcase> <!-- createorgeithphonenumber -->
</testsuite> <!-- Default test -->
