<?xml version="1.0" encoding="UTF-8"?>
<!-- Generated by org.testng.reporters.JUnitXMLReporter -->
<testsuite ignored="2" hostname="DESKTOP-5OB5LTC" failures="0" tests="1" name="Default test" time="36.529" errors="0" timestamp="2026-06-03T13:22:23 IST">
  <testcase classname="testCaseExecutionUsing_POM_classes.CreatecontactTest" name="createcontacttest" time="11.544"/>
  <testcase classname="testCaseExecutionUsing_POM_classes.CreatecontactTest" name="createcontactwithorg" time="0.0">
    <ignored/>
  </testcase> <!-- createcontactwithorg -->
  <testcase classname="testCaseExecutionUsing_POM_classes.CreatecontactTest" name="createcontactwithsupportdate" time="0.0">
    <ignored/>
  </testcase> <!-- createcontactwithsupportdate -->
</testsuite> <!-- Default test -->
